starting GLFW 3.0.4 Win32 WGL VisualC LoadLibrary(winmm)
renderer: Radeon (TM) RX 480 Graphics
version: 4.6.13587 Compatibility Profile Context 20.4.1 26.20.15029.20013
creating shader from lines_vs.glsl...
ERROR: opening file for reading: lines_vs.glsl
shader compiled. index 1
creating shader from lines_fs.glsl...
ERROR: opening file for reading: lines_fs.glsl
shader compiled. index 2
created programme 3. attaching shaders 1 and 2...
ERROR: could not link shader programme GL index 3
program info log for GL index 3:
Vertex shader(s) failed to link, fragment shader(s) failed to link.
Vertex link error: INVALID_OPERATION.
ERROR: error(#97) No program main found
fragment link error: INVALID_OPERATION.
ERROR: error(#97) No program main found
starting GLFW 3.0.4 Win32 WGL VisualC LoadLibrary(winmm)
renderer: Radeon (TM) RX 480 Graphics
version: 4.6.13587 Compatibility Profile Context 20.4.1 26.20.15029.20013
creating shader from lines_vs.glsl...
ERROR: opening file for reading: lines_vs.glsl
shader compiled. index 1
creating shader from lines_fs.glsl...
ERROR: opening file for reading: lines_fs.glsl
shader compiled. index 2
created programme 3. attaching shaders 1 and 2...
ERROR: could not link shader programme GL index 3
program info log for GL index 3:
Vertex shader(s) failed to link, fragment shader(s) failed to link.
Vertex link error: INVALID_OPERATION.
ERROR: error(#97) No program main found
fragment link error: INVALID_OPERATION.
ERROR: error(#97) No program main found
starting GLFW 3.0.4 Win32 WGL VisualC LoadLibrary(winmm)
renderer: Radeon (TM) RX 480 Graphics
version: 4.6.13587 Compatibility Profile Context 20.4.1 26.20.15029.20013
creating shader from lines_vs.glsl...
ERROR: opening file for reading: lines_vs.glsl
shader compiled. index 1
creating shader from lines_fs.glsl...
ERROR: opening file for reading: lines_fs.glsl
shader compiled. index 2
created programme 3. attaching shaders 1 and 2...
ERROR: could not link shader programme GL index 3
program info log for GL index 3:
Vertex shader(s) failed to link, fragment shader(s) failed to link.
Vertex link error: INVALID_OPERATION.
ERROR: error(#97) No program main found
fragment link error: INVALID_OPERATION.
ERROR: error(#97) No program main found
starting GLFW 3.0.4 Win32 WGL VisualC LoadLibrary(winmm)
renderer: Radeon (TM) RX 480 Graphics
version: 4.6.13587 Compatibility Profile Context 20.4.1 26.20.15029.20013
creating shader from lines_vs.glsl...
ERROR: opening file for reading: lines_vs.glsl
shader compiled. index 1
creating shader from lines_fs.glsl...
ERROR: opening file for reading: lines_fs.glsl
shader compiled. index 2
created programme 3. attaching shaders 1 and 2...
ERROR: could not link shader programme GL index 3
program info log for GL index 3:
Vertex shader(s) failed to link, fragment shader(s) failed to link.
Vertex link error: INVALID_OPERATION.
ERROR: error(#97) No program main found
fragment link error: INVALID_OPERATION.
ERROR: error(#97) No program main found
starting GLFW 3.0.4 Win32 WGL VisualC LoadLibrary(winmm)
renderer: Radeon (TM) RX 480 Graphics
version: 4.6.13587 Compatibility Profile Context 20.4.1 26.20.15029.20013
creating shader from lines_vs.glsl...
ERROR: opening file for reading: lines_vs.glsl
shader compiled. index 1
creating shader from lines_fs.glsl...
ERROR: opening file for reading: lines_fs.glsl
shader compiled. index 2
created programme 3. attaching shaders 1 and 2...
ERROR: could not link shader programme GL index 3
program info log for GL index 3:
Vertex shader(s) failed to link, fragment shader(s) failed to link.
Vertex link error: INVALID_OPERATION.
ERROR: error(#97) No program main found
fragment link error: INVALID_OPERATION.
ERROR: error(#97) No program main found
starting GLFW 3.0.4 Win32 WGL VisualC LoadLibrary(winmm)
renderer: Radeon (TM) RX 480 Graphics
version: 4.6.13587 Compatibility Profile Context 20.4.1 26.20.15029.20013
creating shader from lines_vs.glsl...
ERROR: opening file for reading: lines_vs.glsl
shader compiled. index 1
creating shader from lines_fs.glsl...
ERROR: opening file for reading: lines_fs.glsl
shader compiled. index 2
created programme 3. attaching shaders 1 and 2...
ERROR: could not link shader programme GL index 3
program info log for GL index 3:
Vertex shader(s) failed to link, fragment shader(s) failed to link.
Vertex link error: INVALID_OPERATION.
ERROR: error(#97) No program main found
fragment link error: INVALID_OPERATION.
ERROR: error(#97) No program main found
